
**************************************************************
 Geant4 version Name: geant4-10-05-patch-01 [MT]   (17-April-2019)
                       Copyright : Geant4 Collaboration
                      References : NIM A 506 (2003), 250-303
                                 : IEEE-TNS 53 (2006), 270-278
                                 : NIM A 835 (2016), 186-225
                             WWW : http://geant4.org/
**************************************************************

Visualization Manager instantiating with verbosity "warnings (3)"...
Visualization Manager initialising...
Registering graphics systems...

You have successfully registered the following graphics systems.
Current available graphics systems are:
ASCIITree (ATree)
DAWNFILE (DAWNFILE)
G4HepRep (HepRepXML)
G4HepRepFile (HepRepFile)
RayTracer (RayTracer)
VRML1FILE (VRML1FILE)
VRML2FILE (VRML2FILE)
gMocrenFile (gMocrenFile)
OpenGLImmediateQt (OGLIQt, OGLI)
OpenGLStoredQt (OGLSQt, OGL, OGLS)
OpenGLImmediateXm (OGLIXm, OGLIQt_FALLBACK)
OpenGLStoredXm (OGLSXm, OGLSQt_FALLBACK)
OpenGLImmediateX (OGLIX, OGLIQt_FALLBACK, OGLIXm_FALLBACK)
OpenGLStoredX (OGLSX, OGLSQt_FALLBACK, OGLSXm_FALLBACK)
RayTracerX (RayTracerX)

Registering model factories...

You have successfully registered the following model factories.
Registered model factories:
  generic
  drawByAttribute
  drawByCharge
  drawByOriginVolume
  drawByParticleID
  drawByEncounteredVolume

Registered filter factories:
  attributeFilter
  chargeFilter
  originVolumeFilter
  particleFilter
  encounteredVolumeFilter

You have successfully registered the following user vis actions.
Run Duration User Vis Actions: none
End of Event User Vis Actions: none
End of Run User Vis Actions: none

Some /vis commands (optionally) take a string to specify colour.
"/vis/list" to see available colours.
CLHEP::HepRandom seed set to: 2286554734166466020
G4PhysListFactory::GetReferencePhysList <LBE>  EMoption= 0
You are using the simulation engine: LBE 5.3


<<< Reference Physics List LBE is built

G4GDML: Reading '/lfs/l1/legend/users/aalexander/HADES_detchar/Ba133_analysis/simulations/IC-legend/macro/ba_top/geometry/detector_ba_top.gdml'...
G4GDML: VALIDATION ERROR! no character data is allowed by content model at line: 3
G4GDML: VALIDATION ERROR! no character data is allowed by content model at line: 25
G4GDML: VALIDATION ERROR! ID attribute 'G4_AIR' is referenced but was never declared at line: 130
G4GDML: VALIDATION ERROR! ID attribute 'G4_Galactic' is referenced but was never declared at line: 130
G4GDML: Reading definitions...
G4GDML: Reading materials...
G4GDML: Reading solids...
G4GDML: Reading structure...
G4GDML: Reading module '/lfs/l1/legend/users/aalexander/HADES_detchar/Ba133_analysis/simulations/IC-legend/macro/ba_top/geometry/crystal_IC160A.gdml'...
G4GDML: VALIDATION ERROR! attribute 'aunit' is not declared for element 'rotation' at line: 48
G4GDML: Reading definitions...
G4GDML: Reading materials...
G4GDML: Reading solids...
G4GDML: Reading structure...
G4GDML: Reading setup...
G4GDML: Reading module '/lfs/l1/legend/users/aalexander/HADES_detchar/Ba133_analysis/simulations/IC-legend/macro/ba_top/geometry/crystal_IC160A.gdml' done!
G4GDML: Reading module '/lfs/l1/legend/users/aalexander/HADES_detchar/Ba133_analysis/simulations/IC-legend/macro/ba_top/geometry/wrap.gdml'...
G4GDML: VALIDATION ERROR! ID attribute 'G4_POLYETHYLENE' is referenced but was never declared at line: 52
G4GDML: VALIDATION ERROR! ID attribute 'wrap_outer_height-wrap_inner_height' is referenced but was never declared at line: 52
G4GDML: Reading definitions...
G4GDML: Reading materials...
G4GDML: Reading solids...
G4GDML: Reading structure...
G4GDML: Reading setup...
G4GDML: Reading module '/lfs/l1/legend/users/aalexander/HADES_detchar/Ba133_analysis/simulations/IC-legend/macro/ba_top/geometry/wrap.gdml' done!
G4GDML: Reading module '/lfs/l1/legend/users/aalexander/HADES_detchar/Ba133_analysis/simulations/IC-legend/macro/ba_top/geometry/holder.gdml'...
G4GDML: Reading definitions...
G4GDML: Reading materials...
G4GDML: Reading solids...
G4GDML: Reading structure...
G4GDML: Reading setup...
G4GDML: Reading module '/lfs/l1/legend/users/aalexander/HADES_detchar/Ba133_analysis/simulations/IC-legend/macro/ba_top/geometry/holder.gdml' done!
G4GDML: Reading module '/lfs/l1/legend/users/aalexander/HADES_detchar/Ba133_analysis/simulations/IC-legend/macro/ba_top/geometry/bottom_plate.gdml'...
G4GDML: VALIDATION ERROR! ID attribute 'G4_Al' is referenced but was never declared at line: 56
G4GDML: Reading definitions...
G4GDML: Reading materials...
G4GDML: Reading solids...
G4GDML: Reading structure...
G4GDML: Reading setup...
G4GDML: Reading module '/lfs/l1/legend/users/aalexander/HADES_detchar/Ba133_analysis/simulations/IC-legend/macro/ba_top/geometry/bottom_plate.gdml' done!
G4GDML: Reading module '/lfs/l1/legend/users/aalexander/HADES_detchar/Ba133_analysis/simulations/IC-legend/macro/ba_top/geometry/lead_castle_table1.gdml'...
G4GDML: VALIDATION ERROR! ID attribute 'G4_Pb' is referenced but was never declared at line: 95
G4GDML: Reading definitions...
G4GDML: Reading materials...
G4GDML: Reading solids...
G4GDML: Reading structure...
G4GDML: Reading setup...
G4GDML: Reading module '/lfs/l1/legend/users/aalexander/HADES_detchar/Ba133_analysis/simulations/IC-legend/macro/ba_top/geometry/lead_castle_table1.gdml' done!
G4GDML: Reading module '/lfs/l1/legend/users/aalexander/HADES_detchar/Ba133_analysis/simulations/IC-legend/macro/ba_top/geometry/source_encapsulated_ba.gdml'...
G4GDML: VALIDATION ERROR! no character data is allowed by content model at line: 3
G4GDML: VALIDATION ERROR! no character data is allowed by content model at line: 25
G4GDML: VALIDATION ERROR! ID attribute 'G4_POLYETHYLENE' is referenced but was never declared at line: 70
G4GDML: VALIDATION ERROR! ID attribute 'G4_Al' is referenced but was never declared at line: 70
G4GDML: Reading definitions...
G4GDML: Reading materials...
G4GDML: Reading solids...
G4GDML: Reading structure...
G4GDML: Reading setup...
G4GDML: Reading module '/lfs/l1/legend/users/aalexander/HADES_detchar/Ba133_analysis/simulations/IC-legend/macro/ba_top/geometry/source_encapsulated_ba.gdml' done!
G4GDML: Reading module '/lfs/l1/legend/users/aalexander/HADES_detchar/Ba133_analysis/simulations/IC-legend/macro/ba_top/geometry/cryostat.gdml'...
G4GDML: Reading definitions...
G4GDML: Reading materials...
G4Material WARNING: duplicate name of material EN_AW-2011T8
G4GDML: Reading solids...
G4GDML: Reading structure...
G4GDML: Reading setup...
G4GDML: Reading module '/lfs/l1/legend/users/aalexander/HADES_detchar/Ba133_analysis/simulations/IC-legend/macro/ba_top/geometry/cryostat.gdml' done!
G4GDML: Reading setup...
G4GDML: Reading '/lfs/l1/legend/users/aalexander/HADES_detchar/Ba133_analysis/simulations/IC-legend/macro/ba_top/geometry/detector_ba_top.gdml' done!
Stripping off GDML names of materials, solids and volumes ...
Set file name: /lfs/l1/legend/users/aalexander/hdf5_output/detector_IC160A_ba_top_81mmNEW7_01.hdf5
/opt/geant4/share/Geant4-10.5.1/data/G4NDL4.5
@@@ G4ParticleHPInelastic instantiated for particle neutron data directory variable is G4NEUTRONHPDATA pointing to /opt/geant4/share/Geant4-10.5.1/data/G4NDL4.5/Inelastic
@@@ G4ParticleHPInelasticData instantiated for particle neutron data directory variable is G4NEUTRONHPDATA pointing to /opt/geant4/share/Geant4-10.5.1/data/G4NDL4.5
NeutronHP: /Capture file for Z = 6, A = 12 is not found and NeutronHP will use /opt/geant4/share/Geant4-10.5.1/data/G4NDL4.5/Capture/CrossSection/6_nat_Carbon
NeutronHP: /Elastic file for Z = 6, A = 12 is not found and NeutronHP will use /opt/geant4/share/Geant4-10.5.1/data/G4NDL4.5/Elastic/CrossSection/6_nat_Carbon
NeutronHP: /Inelastic file for Z = 6, A = 12 is not found and NeutronHP will use /opt/geant4/share/Geant4-10.5.1/data/G4NDL4.5/Inelastic/CrossSection/6_nat_Carbon
NeutronHP: /Capture file for Z = 6, A = 13 is not found and NeutronHP will use /opt/geant4/share/Geant4-10.5.1/data/G4NDL4.5/Capture/CrossSection/6_nat_Carbon
NeutronHP: /Elastic file for Z = 6, A = 13 is not found and NeutronHP will use /opt/geant4/share/Geant4-10.5.1/data/G4NDL4.5/Elastic/CrossSection/6_nat_Carbon
NeutronHP: /Inelastic file for Z = 6, A = 13 is not found and NeutronHP will use /opt/geant4/share/Geant4-10.5.1/data/G4NDL4.5/Inelastic/CrossSection/6_nat_Carbon
NeutronHP: /Capture file for Z = 8, A = 18 is not found and NeutronHP will use /opt/geant4/share/Geant4-10.5.1/data/G4NDL4.5/Capture/CrossSection/8_17_Oxygen
NeutronHP: /Elastic file for Z = 8, A = 18 is not found and NeutronHP will use /opt/geant4/share/Geant4-10.5.1/data/G4NDL4.5/Elastic/CrossSection/8_17_Oxygen
NeutronHP: /Inelastic file for Z = 8, A = 18 is not found and NeutronHP will use /opt/geant4/share/Geant4-10.5.1/data/G4NDL4.5/Inelastic/CrossSection/8_17_Oxygen

### ===  Deexcitation model UAtomDeexcitation is activated for 1 region:
### ===  Auger cascade flag: 1
### ===  Ignore cuts flag:   0
LBE::SetCuts:CutLength : 1 um 
Physical volumes:
Crystal_PV 0
Wrap_PV 0
Holder_PV 0
Bottom_plate_PV 0
Lead_castle_PV 0
Source_PV 0
Source_Encapsulated_PV 0
Cryostat_PV 0
Vacuum_cavity_PV 0
World_PV 0
The number of particle sources is: 1
 Multiple Vertex sources: 0 Flat Sampling flag: 0
	source 0 with intensity: 1
 		Num Particles: 1; Particle type: Ba133
 		Energy: 1 MeV
 		Direction: (0,0,-1); Position: 0 0 -8.1 cm 
 		Angular Distribution: iso
 		Energy Distribution: Mono
 		Position Distribution Type: Volume; Position Shape: Cylinder

### ===  Deexcitation model UAtomDeexcitation is activated for 1 region:
          DefaultRegionForTheWorld  1  1  0
### ===  Auger cascade flag: 1
### ===  Ignore cuts flag:   0

phot:  for gamma SubType=12 BuildTable=0
      LambdaPrime table from 200 keV to 100 TeV in 61 bins 
      ===== EM models for the G4Region  DefaultRegionForTheWorld ======
 LivermorePhElectric : Emin=    0 eV  Emax=   20 MeV  SauterGavrila Fluo
       PhotoElectric : Emin=   20 MeV Emax=  100 TeV  SauterGavrila Fluo

compt:  for gamma SubType=13 BuildTable=1
      Lambda table from 100 eV  to 1 MeV, 7 bins/decade, spline: 1
      LambdaPrime table from 1 MeV to 100 TeV in 56 bins 
      ===== EM models for the G4Region  DefaultRegionForTheWorld ======
    LivermoreCompton : Emin=    0 eV  Emax=   20 MeV Fluo
       Klein-Nishina : Emin=   20 MeV Emax=  100 TeV

conv:  for gamma SubType=14 BuildTable=1
      Lambda table from 1.022 MeV to 100 TeV, 18 bins/decade, spline: 1
      ===== EM models for the G4Region  DefaultRegionForTheWorld ======
 LivermoreConversion : Emin=    0 eV  Emax=   20 MeV
        BetheHeitler : Emin=   20 MeV Emax=   80 GeV  ModifiedTsai
     BetheHeitlerLPM : Emin=   80 GeV Emax=  100 TeV  ModifiedTsai

Rayl:  for gamma SubType=11 BuildTable=1
      Lambda table from 100 eV  to 100 keV, 7 bins/decade, spline: 0
      LambdaPrime table from 100 keV to 100 TeV in 63 bins 
      ===== EM models for the G4Region  DefaultRegionForTheWorld ======
   LivermoreRayleigh : Emin=    0 eV  Emax=   20 MeV  CullenGenerator
   LivermoreRayleigh : Emin=   20 MeV Emax=  100 TeV  CullenGenerator

msc:  for e-  SubType= 10
      RangeFactor= 0.04, stepLimType: 3, latDisp: 1, skin= 1, geomFactor= 2.5
      ===== EM models for the G4Region  DefaultRegionForTheWorld ======
            UrbanMsc : Emin=    0 eV  Emax=  100 TeV Nbins=84 100 eV  - 100 TeV

eIoni:  for e-  SubType=2
      dE/dx and range tables from 100 eV  to 100 TeV in 84 bins
      Lambda tables from threshold to 100 TeV, 7 bins/decade, spline: 1
      StepFunction=(0.2, 0.1 mm), integ: 1, fluct: 1, linLossLim= 0.01
      ===== EM models for the G4Region  DefaultRegionForTheWorld ======
       LowEnergyIoni : Emin=    0 eV  Emax=    1 MeV  deltaVI
        MollerBhabha : Emin=    1 MeV Emax=  100 TeV

eBrem:  for e-  SubType=3
      dE/dx and range tables from 100 eV  to 100 TeV in 84 bins
      Lambda tables from threshold to 100 TeV, 7 bins/decade, spline: 1
      LPM flag: 1 for E > 1 GeV,  VertexHighEnergyTh(GeV)= 100000
      ===== EM models for the G4Region  DefaultRegionForTheWorld ======
           LowEnBrem : Emin=    0 eV  Emax=   20 MeV  AngularGen2BS
             eBremSB : Emin=   20 MeV Emax=    1 GeV  ModifiedTsai
            eBremLPM : Emin=    1 GeV Emax=  100 TeV  ModifiedTsai

msc:  for e+  SubType= 10
      RangeFactor= 0.04, stepLimType: 3, latDisp: 1, skin= 1, geomFactor= 2.5
      ===== EM models for the G4Region  DefaultRegionForTheWorld ======
            UrbanMsc : Emin=    0 eV  Emax=  100 TeV Nbins=84 100 eV  - 100 TeV

eIoni:  for e+  SubType=2
      dE/dx and range tables from 100 eV  to 100 TeV in 84 bins
      Lambda tables from threshold to 100 TeV, 7 bins/decade, spline: 1
      StepFunction=(0.2, 0.1 mm), integ: 1, fluct: 1, linLossLim= 0.01
      ===== EM models for the G4Region  DefaultRegionForTheWorld ======
        MollerBhabha : Emin=    0 eV  Emax=  100 TeV

eBrem:  for e+  SubType=3
      dE/dx and range tables from 100 eV  to 100 TeV in 84 bins
      Lambda tables from threshold to 100 TeV, 7 bins/decade, spline: 1
      LPM flag: 1 for E > 1 GeV,  VertexHighEnergyTh(GeV)= 100000
      ===== EM models for the G4Region  DefaultRegionForTheWorld ======
             eBremSB : Emin=    0 eV  Emax=    1 GeV  ModifiedTsai
            eBremLPM : Emin=    1 GeV Emax=  100 TeV  ModifiedTsai

annihil:  for e+, integral:1  SubType=5 BuildTable=0
      ===== EM models for the G4Region  DefaultRegionForTheWorld ======
            eplus2gg : Emin=    0 eV  Emax=  100 TeV

msc:  for proton  SubType= 10
      RangeFactor= 0.2, stepLimType: 0, latDisp: 0
      ===== EM models for the G4Region  DefaultRegionForTheWorld ======
            UrbanMsc : Emin=    0 eV  Emax=  100 TeV Nbins=84 100 eV  - 100 TeV

hIoni:  for proton  SubType=2
      dE/dx and range tables from 100 eV  to 100 TeV in 84 bins
      Lambda tables from threshold to 100 TeV, 7 bins/decade, spline: 1
      StepFunction=(0.2, 0.05 mm), integ: 1, fluct: 1, linLossLim= 0.01
      ===== EM models for the G4Region  DefaultRegionForTheWorld ======
               Bragg : Emin=    0 eV  Emax=    2 MeV
          BetheBloch : Emin=    2 MeV Emax=  100 TeV

hBrems:  for proton  SubType=3
      dE/dx and range tables from 100 eV  to 100 TeV in 84 bins
      Lambda tables from threshold to 100 TeV, 7 bins/decade, spline: 1
      ===== EM models for the G4Region  DefaultRegionForTheWorld ======
               hBrem : Emin=    0 eV  Emax=  100 TeV
      ===== Limit on energy threshold has been applied 

msc:  for GenericIon  SubType= 10
      RangeFactor= 0.2, stepLimType: 0, latDisp: 0
      ===== EM models for the G4Region  DefaultRegionForTheWorld ======
            UrbanMsc : Emin=    0 eV  Emax=  100 TeV

ionIoni:  for GenericIon  SubType=2
      dE/dx and range tables from 100 eV  to 100 TeV in 84 bins
      Lambda tables from threshold to 100 TeV, 7 bins/decade, spline: 1
      StepFunction=(0.1, 0.01 mm), integ: 1, fluct: 1, linLossLim= 0.02
      ===== EM models for the G4Region  DefaultRegionForTheWorld ======
         ParamICRU73 : Emin=    0 eV  Emax=  100 TeV  deltaVI

nuclearStopping:  for GenericIon SubType=8 BuildTable=0
      ===== EM models for the G4Region  DefaultRegionForTheWorld ======
   ICRU49NucStopping : Emin=    0 eV  Emax=   10 GeV
=======================================================================
======       Radioactive Decay Physics Parameters              ========
=======================================================================
Max life time                                     1e+15 ps
Internal e- conversion flag                       1
Stored internal conversion coefficients           0
Enable correlated gamma emission                  0
Max 2J for sampling of angular correlations       10
Atomic de-excitation enabled                      1
Auger electron emission enabled                   1
Auger cascade enabled                             1
Check EM cuts disabled for atomic de-excitation   0
Use Bearden atomic level energies                 0
=======================================================================
#### G4VUserPhysicsList::BuildPhysicsTable() - BuildPhysicsTable(N(1440)+) skipped...
#### G4VUserPhysicsList::BuildPhysicsTable() - BuildPhysicsTable(N(1440)0) skipped...
#### G4VUserPhysicsList::BuildPhysicsTable() - BuildPhysicsTable(N(1520)+) skipped...
#### G4VUserPhysicsList::BuildPhysicsTable() - BuildPhysicsTable(N(1520)0) skipped...
#### G4VUserPhysicsList::BuildPhysicsTable() - BuildPhysicsTable(N(1535)+) skipped...
#### G4VUserPhysicsList::BuildPhysicsTable() - BuildPhysicsTable(N(1535)0) skipped...
#### G4VUserPhysicsList::BuildPhysicsTable() - BuildPhysicsTable(N(1650)+) skipped...
#### G4VUserPhysicsList::BuildPhysicsTable() - BuildPhysicsTable(N(1650)0) skipped...
#### G4VUserPhysicsList::BuildPhysicsTable() - BuildPhysicsTable(N(1675)+) skipped...
#### G4VUserPhysicsList::BuildPhysicsTable() - BuildPhysicsTable(N(1675)0) skipped...
#### G4VUserPhysicsList::BuildPhysicsTable() - BuildPhysicsTable(N(1680)+) skipped...
#### G4VUserPhysicsList::BuildPhysicsTable() - BuildPhysicsTable(N(1680)0) skipped...
#### G4VUserPhysicsList::BuildPhysicsTable() - BuildPhysicsTable(N(1700)+) skipped...
#### G4VUserPhysicsList::BuildPhysicsTable() - BuildPhysicsTable(N(1700)0) skipped...
#### G4VUserPhysicsList::BuildPhysicsTable() - BuildPhysicsTable(N(1710)+) skipped...
#### G4VUserPhysicsList::BuildPhysicsTable() - BuildPhysicsTable(N(1710)0) skipped...
#### G4VUserPhysicsList::BuildPhysicsTable() - BuildPhysicsTable(N(1720)+) skipped...
#### G4VUserPhysicsList::BuildPhysicsTable() - BuildPhysicsTable(N(1720)0) skipped...
#### G4VUserPhysicsList::BuildPhysicsTable() - BuildPhysicsTable(N(1900)+) skipped...
#### G4VUserPhysicsList::BuildPhysicsTable() - BuildPhysicsTable(N(1900)0) skipped...
#### G4VUserPhysicsList::BuildPhysicsTable() - BuildPhysicsTable(N(1990)+) skipped...
#### G4VUserPhysicsList::BuildPhysicsTable() - BuildPhysicsTable(N(1990)0) skipped...
#### G4VUserPhysicsList::BuildPhysicsTable() - BuildPhysicsTable(N(2090)+) skipped...
#### G4VUserPhysicsList::BuildPhysicsTable() - BuildPhysicsTable(N(2090)0) skipped...
#### G4VUserPhysicsList::BuildPhysicsTable() - BuildPhysicsTable(N(2190)+) skipped...
#### G4VUserPhysicsList::BuildPhysicsTable() - BuildPhysicsTable(N(2190)0) skipped...
#### G4VUserPhysicsList::BuildPhysicsTable() - BuildPhysicsTable(N(2220)+) skipped...
#### G4VUserPhysicsList::BuildPhysicsTable() - BuildPhysicsTable(N(2220)0) skipped...
#### G4VUserPhysicsList::BuildPhysicsTable() - BuildPhysicsTable(N(2250)+) skipped...
#### G4VUserPhysicsList::BuildPhysicsTable() - BuildPhysicsTable(N(2250)0) skipped...
#### G4VUserPhysicsList::BuildPhysicsTable() - BuildPhysicsTable(a0(1450)+) skipped...
#### G4VUserPhysicsList::BuildPhysicsTable() - BuildPhysicsTable(a0(1450)-) skipped...
#### G4VUserPhysicsList::BuildPhysicsTable() - BuildPhysicsTable(a0(1450)0) skipped...
#### G4VUserPhysicsList::BuildPhysicsTable() - BuildPhysicsTable(a0(980)+) skipped...
#### G4VUserPhysicsList::BuildPhysicsTable() - BuildPhysicsTable(a0(980)-) skipped...
#### G4VUserPhysicsList::BuildPhysicsTable() - BuildPhysicsTable(a0(980)0) skipped...
#### G4VUserPhysicsList::BuildPhysicsTable() - BuildPhysicsTable(a1(1260)+) skipped...
#### G4VUserPhysicsList::BuildPhysicsTable() - BuildPhysicsTable(a1(1260)-) skipped...
#### G4VUserPhysicsList::BuildPhysicsTable() - BuildPhysicsTable(a1(1260)0) skipped...
#### G4VUserPhysicsList::BuildPhysicsTable() - BuildPhysicsTable(a2(1320)+) skipped...
#### G4VUserPhysicsList::BuildPhysicsTable() - BuildPhysicsTable(a2(1320)-) skipped...
#### G4VUserPhysicsList::BuildPhysicsTable() - BuildPhysicsTable(a2(1320)0) skipped...

msc:  for alpha  SubType= 10
      RangeFactor= 0.2, stepLimType: 0, latDisp: 0
      ===== EM models for the G4Region  DefaultRegionForTheWorld ======
            UrbanMsc : Emin=    0 eV  Emax=  100 TeV Nbins=84 100 eV  - 100 TeV

ionIoni:  for alpha  SubType=2
      dE/dx and range tables from 100 eV  to 100 TeV in 84 bins
      Lambda tables from threshold to 100 TeV, 7 bins/decade, spline: 1
      StepFunction=(0.1, 0.02 mm), integ: 1, fluct: 1, linLossLim= 0.02
      ===== EM models for the G4Region  DefaultRegionForTheWorld ======
            BraggIon : Emin=    0 eV  Emax=7.9452 MeV
          BetheBloch : Emin=7.9452 MeV Emax=  100 TeV

nuclearStopping:  for alpha SubType=8 BuildTable=0
      ===== EM models for the G4Region  DefaultRegionForTheWorld ======
   ICRU49NucStopping : Emin=    0 eV  Emax=   10 GeV
#### G4VUserPhysicsList::BuildPhysicsTable() - BuildPhysicsTable(anti_N(1440)+) skipped...
#### G4VUserPhysicsList::BuildPhysicsTable() - BuildPhysicsTable(anti_N(1440)0) skipped...
#### G4VUserPhysicsList::BuildPhysicsTable() - BuildPhysicsTable(anti_N(1520)+) skipped...
#### G4VUserPhysicsList::BuildPhysicsTable() - BuildPhysicsTable(anti_N(1520)0) skipped...
#### G4VUserPhysicsList::BuildPhysicsTable() - BuildPhysicsTable(anti_N(1535)+) skipped...
#### G4VUserPhysicsList::BuildPhysicsTable() - BuildPhysicsTable(anti_N(1535)0) skipped...
#### G4VUserPhysicsList::BuildPhysicsTable() - BuildPhysicsTable(anti_N(1650)+) skipped...
#### G4VUserPhysicsList::BuildPhysicsTable() - BuildPhysicsTable(anti_N(1650)0) skipped...
#### G4VUserPhysicsList::BuildPhysicsTable() - BuildPhysicsTable(anti_N(1675)+) skipped...
#### G4VUserPhysicsList::BuildPhysicsTable() - BuildPhysicsTable(anti_N(1675)0) skipped...
#### G4VUserPhysicsList::BuildPhysicsTable() - BuildPhysicsTable(anti_N(1680)+) skipped...
#### G4VUserPhysicsList::BuildPhysicsTable() - BuildPhysicsTable(anti_N(1680)0) skipped...
#### G4VUserPhysicsList::BuildPhysicsTable() - BuildPhysicsTable(anti_N(1700)+) skipped...
#### G4VUserPhysicsList::BuildPhysicsTable() - BuildPhysicsTable(anti_N(1700)0) skipped...
#### G4VUserPhysicsList::BuildPhysicsTable() - BuildPhysicsTable(anti_N(1710)+) skipped...
#### G4VUserPhysicsList::BuildPhysicsTable() - BuildPhysicsTable(anti_N(1710)0) skipped...
#### G4VUserPhysicsList::BuildPhysicsTable() - BuildPhysicsTable(anti_N(1720)+) skipped...
#### G4VUserPhysicsList::BuildPhysicsTable() - BuildPhysicsTable(anti_N(1720)0) skipped...
#### G4VUserPhysicsList::BuildPhysicsTable() - BuildPhysicsTable(anti_N(1900)+) skipped...
#### G4VUserPhysicsList::BuildPhysicsTable() - BuildPhysicsTable(anti_N(1900)0) skipped...
#### G4VUserPhysicsList::BuildPhysicsTable() - BuildPhysicsTable(anti_N(1990)+) skipped...
#### G4VUserPhysicsList::BuildPhysicsTable() - BuildPhysicsTable(anti_N(1990)0) skipped...
#### G4VUserPhysicsList::BuildPhysicsTable() - BuildPhysicsTable(anti_N(2090)+) skipped...
#### G4VUserPhysicsList::BuildPhysicsTable() - BuildPhysicsTable(anti_N(2090)0) skipped...
#### G4VUserPhysicsList::BuildPhysicsTable() - BuildPhysicsTable(anti_N(2190)+) skipped...
#### G4VUserPhysicsList::BuildPhysicsTable() - BuildPhysicsTable(anti_N(2190)0) skipped...
#### G4VUserPhysicsList::BuildPhysicsTable() - BuildPhysicsTable(anti_N(2220)+) skipped...
#### G4VUserPhysicsList::BuildPhysicsTable() - BuildPhysicsTable(anti_N(2220)0) skipped...
#### G4VUserPhysicsList::BuildPhysicsTable() - BuildPhysicsTable(anti_N(2250)+) skipped...
#### G4VUserPhysicsList::BuildPhysicsTable() - BuildPhysicsTable(anti_N(2250)0) skipped...
#### G4VUserPhysicsList::BuildPhysicsTable() - BuildPhysicsTable(anti_b_quark) skipped...
#### G4VUserPhysicsList::BuildPhysicsTable() - BuildPhysicsTable(anti_c_quark) skipped...
#### G4VUserPhysicsList::BuildPhysicsTable() - BuildPhysicsTable(anti_d_quark) skipped...
#### G4VUserPhysicsList::BuildPhysicsTable() - BuildPhysicsTable(anti_dd1_diquark) skipped...
#### G4VUserPhysicsList::BuildPhysicsTable() - BuildPhysicsTable(anti_delta(1600)+) skipped...
#### G4VUserPhysicsList::BuildPhysicsTable() - BuildPhysicsTable(anti_delta(1600)++) skipped...
#### G4VUserPhysicsList::BuildPhysicsTable() - BuildPhysicsTable(anti_delta(1600)-) skipped...
#### G4VUserPhysicsList::BuildPhysicsTable() - BuildPhysicsTable(anti_delta(1600)0) skipped...
#### G4VUserPhysicsList::BuildPhysicsTable() - BuildPhysicsTable(anti_delta(1620)+) skipped...
#### G4VUserPhysicsList::BuildPhysicsTable() - BuildPhysicsTable(anti_delta(1620)++) skipped...
#### G4VUserPhysicsList::BuildPhysicsTable() - BuildPhysicsTable(anti_delta(1620)-) skipped...
#### G4VUserPhysicsList::BuildPhysicsTable() - BuildPhysicsTable(anti_delta(1620)0) skipped...
#### G4VUserPhysicsList::BuildPhysicsTable() - BuildPhysicsTable(anti_delta(1700)+) skipped...
#### G4VUserPhysicsList::BuildPhysicsTable() - BuildPhysicsTable(anti_delta(1700)++) skipped...
#### G4VUserPhysicsList::BuildPhysicsTable() - BuildPhysicsTable(anti_delta(1700)-) skipped...
#### G4VUserPhysicsList::BuildPhysicsTable() - BuildPhysicsTable(anti_delta(1700)0) skipped...
#### G4VUserPhysicsList::BuildPhysicsTable() - BuildPhysicsTable(anti_delta(1900)+) skipped...
#### G4VUserPhysicsList::BuildPhysicsTable() - BuildPhysicsTable(anti_delta(1900)++) skipped...
#### G4VUserPhysicsList::BuildPhysicsTable() - BuildPhysicsTable(anti_delta(1900)-) skipped...
#### G4VUserPhysicsList::BuildPhysicsTable() - BuildPhysicsTable(anti_delta(1900)0) skipped...
#### G4VUserPhysicsList::BuildPhysicsTable() - BuildPhysicsTable(anti_delta(1905)+) skipped...
#### G4VUserPhysicsList::BuildPhysicsTable() - BuildPhysicsTable(anti_delta(1905)++) skipped...
#### G4VUserPhysicsList::BuildPhysicsTable() - BuildPhysicsTable(anti_delta(1905)-) skipped...
#### G4VUserPhysicsList::BuildPhysicsTable() - BuildPhysicsTable(anti_delta(1905)0) skipped...
#### G4VUserPhysicsList::BuildPhysicsTable() - BuildPhysicsTable(anti_delta(1910)+) skipped...
#### G4VUserPhysicsList::BuildPhysicsTable() - BuildPhysicsTable(anti_delta(1910)++) skipped...
#### G4VUserPhysicsList::BuildPhysicsTable() - BuildPhysicsTable(anti_delta(1910)-) skipped...
#### G4VUserPhysicsList::BuildPhysicsTable() - BuildPhysicsTable(anti_delta(1910)0) skipped...
#### G4VUserPhysicsList::BuildPhysicsTable() - BuildPhysicsTable(anti_delta(1920)+) skipped...
#### G4VUserPhysicsList::BuildPhysicsTable() - BuildPhysicsTable(anti_delta(1920)++) skipped...
#### G4VUserPhysicsList::BuildPhysicsTable() - BuildPhysicsTable(anti_delta(1920)-) skipped...
#### G4VUserPhysicsList::BuildPhysicsTable() - BuildPhysicsTable(anti_delta(1920)0) skipped...
#### G4VUserPhysicsList::BuildPhysicsTable() - BuildPhysicsTable(anti_delta(1930)+) skipped...
#### G4VUserPhysicsList::BuildPhysicsTable() - BuildPhysicsTable(anti_delta(1930)++) skipped...
#### G4VUserPhysicsList::BuildPhysicsTable() - BuildPhysicsTable(anti_delta(1930)-) skipped...
#### G4VUserPhysicsList::BuildPhysicsTable() - BuildPhysicsTable(anti_delta(1930)0) skipped...
#### G4VUserPhysicsList::BuildPhysicsTable() - BuildPhysicsTable(anti_delta(1950)+) skipped...
#### G4VUserPhysicsList::BuildPhysicsTable() - BuildPhysicsTable(anti_delta(1950)++) skipped...
#### G4VUserPhysicsList::BuildPhysicsTable() - BuildPhysicsTable(anti_delta(1950)-) skipped...
#### G4VUserPhysicsList::BuildPhysicsTable() - BuildPhysicsTable(anti_delta(1950)0) skipped...
#### G4VUserPhysicsList::BuildPhysicsTable() - BuildPhysicsTable(anti_delta+) skipped...
#### G4VUserPhysicsList::BuildPhysicsTable() - BuildPhysicsTable(anti_delta++) skipped...
#### G4VUserPhysicsList::BuildPhysicsTable() - BuildPhysicsTable(anti_delta-) skipped...
#### G4VUserPhysicsList::BuildPhysicsTable() - BuildPhysicsTable(anti_delta0) skipped...
#### G4VUserPhysicsList::BuildPhysicsTable() - BuildPhysicsTable(anti_k(1460)0) skipped...
#### G4VUserPhysicsList::BuildPhysicsTable() - BuildPhysicsTable(anti_k0_star(1430)0) skipped...
#### G4VUserPhysicsList::BuildPhysicsTable() - BuildPhysicsTable(anti_k1(1270)0) skipped...
#### G4VUserPhysicsList::BuildPhysicsTable() - BuildPhysicsTable(anti_k1(1400)0) skipped...
#### G4VUserPhysicsList::BuildPhysicsTable() - BuildPhysicsTable(anti_k2(1770)0) skipped...
#### G4VUserPhysicsList::BuildPhysicsTable() - BuildPhysicsTable(anti_k2_star(1430)0) skipped...
#### G4VUserPhysicsList::BuildPhysicsTable() - BuildPhysicsTable(anti_k2_star(1980)0) skipped...
#### G4VUserPhysicsList::BuildPhysicsTable() - BuildPhysicsTable(anti_k3_star(1780)0) skipped...
#### G4VUserPhysicsList::BuildPhysicsTable() - BuildPhysicsTable(anti_k_star(1410)0) skipped...
#### G4VUserPhysicsList::BuildPhysicsTable() - BuildPhysicsTable(anti_k_star(1680)0) skipped...
#### G4VUserPhysicsList::BuildPhysicsTable() - BuildPhysicsTable(anti_k_star0) skipped...
#### G4VUserPhysicsList::BuildPhysicsTable() - BuildPhysicsTable(anti_lambda(1405)) skipped...
#### G4VUserPhysicsList::BuildPhysicsTable() - BuildPhysicsTable(anti_lambda(1520)) skipped...
#### G4VUserPhysicsList::BuildPhysicsTable() - BuildPhysicsTable(anti_lambda(1600)) skipped...
#### G4VUserPhysicsList::BuildPhysicsTable() - BuildPhysicsTable(anti_lambda(1670)) skipped...
#### G4VUserPhysicsList::BuildPhysicsTable() - BuildPhysicsTable(anti_lambda(1690)) skipped...
#### G4VUserPhysicsList::BuildPhysicsTable() - BuildPhysicsTable(anti_lambda(1800)) skipped...
#### G4VUserPhysicsList::BuildPhysicsTable() - BuildPhysicsTable(anti_lambda(1810)) skipped...
#### G4VUserPhysicsList::BuildPhysicsTable() - BuildPhysicsTable(anti_lambda(1820)) skipped...
#### G4VUserPhysicsList::BuildPhysicsTable() - BuildPhysicsTable(anti_lambda(1830)) skipped...
#### G4VUserPhysicsList::BuildPhysicsTable() - BuildPhysicsTable(anti_lambda(1890)) skipped...
#### G4VUserPhysicsList::BuildPhysicsTable() - BuildPhysicsTable(anti_lambda(2100)) skipped...
#### G4VUserPhysicsList::BuildPhysicsTable() - BuildPhysicsTable(anti_lambda(2110)) skipped...

msc:  for anti_proton  SubType= 10
      RangeFactor= 0.2, stepLimType: 0, latDisp: 0
      ===== EM models for the G4Region  DefaultRegionForTheWorld ======
            UrbanMsc : Emin=    0 eV  Emax=  100 TeV Nbins=84 100 eV  - 100 TeV

hIoni:  for anti_proton  SubType=2
      dE/dx and range tables from 100 eV  to 100 TeV in 84 bins
      Lambda tables from threshold to 100 TeV, 7 bins/decade, spline: 1
      StepFunction=(0.2, 0.1 mm), integ: 1, fluct: 1, linLossLim= 0.01
      ===== EM models for the G4Region  DefaultRegionForTheWorld ======
            ICRU73QO : Emin=    0 eV  Emax=    2 MeV
          BetheBloch : Emin=    2 MeV Emax=  100 TeV
#### G4VUserPhysicsList::BuildPhysicsTable() - BuildPhysicsTable(anti_s_quark) skipped...
#### G4VUserPhysicsList::BuildPhysicsTable() - BuildPhysicsTable(anti_sd0_diquark) skipped...
#### G4VUserPhysicsList::BuildPhysicsTable() - BuildPhysicsTable(anti_sd1_diquark) skipped...
#### G4VUserPhysicsList::BuildPhysicsTable() - BuildPhysicsTable(anti_sigma(1385)+) skipped...
#### G4VUserPhysicsList::BuildPhysicsTable() - BuildPhysicsTable(anti_sigma(1385)-) skipped...
#### G4VUserPhysicsList::BuildPhysicsTable() - BuildPhysicsTable(anti_sigma(1385)0) skipped...
#### G4VUserPhysicsList::BuildPhysicsTable() - BuildPhysicsTable(anti_sigma(1660)+) skipped...
#### G4VUserPhysicsList::BuildPhysicsTable() - BuildPhysicsTable(anti_sigma(1660)-) skipped...
#### G4VUserPhysicsList::BuildPhysicsTable() - BuildPhysicsTable(anti_sigma(1660)0) skipped...
#### G4VUserPhysicsList::BuildPhysicsTable() - BuildPhysicsTable(anti_sigma(1670)+) skipped...
#### G4VUserPhysicsList::BuildPhysicsTable() - BuildPhysicsTable(anti_sigma(1670)-) skipped...
#### G4VUserPhysicsList::BuildPhysicsTable() - BuildPhysicsTable(anti_sigma(1670)0) skipped...
#### G4VUserPhysicsList::BuildPhysicsTable() - BuildPhysicsTable(anti_sigma(1750)+) skipped...
#### G4VUserPhysicsList::BuildPhysicsTable() - BuildPhysicsTable(anti_sigma(1750)-) skipped...
#### G4VUserPhysicsList::BuildPhysicsTable() - BuildPhysicsTable(anti_sigma(1750)0) skipped...
#### G4VUserPhysicsList::BuildPhysicsTable() - BuildPhysicsTable(anti_sigma(1775)+) skipped...
#### G4VUserPhysicsList::BuildPhysicsTable() - BuildPhysicsTable(anti_sigma(1775)-) skipped...
#### G4VUserPhysicsList::BuildPhysicsTable() - BuildPhysicsTable(anti_sigma(1775)0) skipped...
#### G4VUserPhysicsList::BuildPhysicsTable() - BuildPhysicsTable(anti_sigma(1915)+) skipped...
#### G4VUserPhysicsList::BuildPhysicsTable() - BuildPhysicsTable(anti_sigma(1915)-) skipped...
#### G4VUserPhysicsList::BuildPhysicsTable() - BuildPhysicsTable(anti_sigma(1915)0) skipped...
#### G4VUserPhysicsList::BuildPhysicsTable() - BuildPhysicsTable(anti_sigma(1940)+) skipped...
#### G4VUserPhysicsList::BuildPhysicsTable() - BuildPhysicsTable(anti_sigma(1940)-) skipped...
#### G4VUserPhysicsList::BuildPhysicsTable() - BuildPhysicsTable(anti_sigma(1940)0) skipped...
#### G4VUserPhysicsList::BuildPhysicsTable() - BuildPhysicsTable(anti_sigma(2030)+) skipped...
#### G4VUserPhysicsList::BuildPhysicsTable() - BuildPhysicsTable(anti_sigma(2030)-) skipped...
#### G4VUserPhysicsList::BuildPhysicsTable() - BuildPhysicsTable(anti_sigma(2030)0) skipped...
#### G4VUserPhysicsList::BuildPhysicsTable() - BuildPhysicsTable(anti_ss1_diquark) skipped...
#### G4VUserPhysicsList::BuildPhysicsTable() - BuildPhysicsTable(anti_su0_diquark) skipped...
#### G4VUserPhysicsList::BuildPhysicsTable() - BuildPhysicsTable(anti_su1_diquark) skipped...
#### G4VUserPhysicsList::BuildPhysicsTable() - BuildPhysicsTable(anti_t_quark) skipped...
#### G4VUserPhysicsList::BuildPhysicsTable() - BuildPhysicsTable(anti_u_quark) skipped...
#### G4VUserPhysicsList::BuildPhysicsTable() - BuildPhysicsTable(anti_ud0_diquark) skipped...
#### G4VUserPhysicsList::BuildPhysicsTable() - BuildPhysicsTable(anti_ud1_diquark) skipped...
#### G4VUserPhysicsList::BuildPhysicsTable() - BuildPhysicsTable(anti_uu1_diquark) skipped...
#### G4VUserPhysicsList::BuildPhysicsTable() - BuildPhysicsTable(anti_xi(1530)-) skipped...
#### G4VUserPhysicsList::BuildPhysicsTable() - BuildPhysicsTable(anti_xi(1530)0) skipped...
#### G4VUserPhysicsList::BuildPhysicsTable() - BuildPhysicsTable(anti_xi(1690)-) skipped...
#### G4VUserPhysicsList::BuildPhysicsTable() - BuildPhysicsTable(anti_xi(1690)0) skipped...
#### G4VUserPhysicsList::BuildPhysicsTable() - BuildPhysicsTable(anti_xi(1820)-) skipped...
#### G4VUserPhysicsList::BuildPhysicsTable() - BuildPhysicsTable(anti_xi(1820)0) skipped...
#### G4VUserPhysicsList::BuildPhysicsTable() - BuildPhysicsTable(anti_xi(1950)-) skipped...
#### G4VUserPhysicsList::BuildPhysicsTable() - BuildPhysicsTable(anti_xi(1950)0) skipped...
#### G4VUserPhysicsList::BuildPhysicsTable() - BuildPhysicsTable(anti_xi(2030)-) skipped...
#### G4VUserPhysicsList::BuildPhysicsTable() - BuildPhysicsTable(anti_xi(2030)0) skipped...
#### G4VUserPhysicsList::BuildPhysicsTable() - BuildPhysicsTable(b1(1235)+) skipped...
#### G4VUserPhysicsList::BuildPhysicsTable() - BuildPhysicsTable(b1(1235)-) skipped...
#### G4VUserPhysicsList::BuildPhysicsTable() - BuildPhysicsTable(b1(1235)0) skipped...
#### G4VUserPhysicsList::BuildPhysicsTable() - BuildPhysicsTable(b_quark) skipped...
#### G4VUserPhysicsList::BuildPhysicsTable() - BuildPhysicsTable(c_quark) skipped...
#### G4VUserPhysicsList::BuildPhysicsTable() - BuildPhysicsTable(d_quark) skipped...
#### G4VUserPhysicsList::BuildPhysicsTable() - BuildPhysicsTable(dd1_diquark) skipped...
#### G4VUserPhysicsList::BuildPhysicsTable() - BuildPhysicsTable(delta(1600)+) skipped...
#### G4VUserPhysicsList::BuildPhysicsTable() - BuildPhysicsTable(delta(1600)++) skipped...
#### G4VUserPhysicsList::BuildPhysicsTable() - BuildPhysicsTable(delta(1600)-) skipped...
#### G4VUserPhysicsList::BuildPhysicsTable() - BuildPhysicsTable(delta(1600)0) skipped...
#### G4VUserPhysicsList::BuildPhysicsTable() - BuildPhysicsTable(delta(1620)+) skipped...
#### G4VUserPhysicsList::BuildPhysicsTable() - BuildPhysicsTable(delta(1620)++) skipped...
#### G4VUserPhysicsList::BuildPhysicsTable() - BuildPhysicsTable(delta(1620)-) skipped...
#### G4VUserPhysicsList::BuildPhysicsTable() - BuildPhysicsTable(delta(1620)0) skipped...
#### G4VUserPhysicsList::BuildPhysicsTable() - BuildPhysicsTable(delta(1700)+) skipped...
#### G4VUserPhysicsList::BuildPhysicsTable() - BuildPhysicsTable(delta(1700)++) skipped...
#### G4VUserPhysicsList::BuildPhysicsTable() - BuildPhysicsTable(delta(1700)-) skipped...
#### G4VUserPhysicsList::BuildPhysicsTable() - BuildPhysicsTable(delta(1700)0) skipped...
#### G4VUserPhysicsList::BuildPhysicsTable() - BuildPhysicsTable(delta(1900)+) skipped...
#### G4VUserPhysicsList::BuildPhysicsTable() - BuildPhysicsTable(delta(1900)++) skipped...
#### G4VUserPhysicsList::BuildPhysicsTable() - BuildPhysicsTable(delta(1900)-) skipped...
#### G4VUserPhysicsList::BuildPhysicsTable() - BuildPhysicsTable(delta(1900)0) skipped...
#### G4VUserPhysicsList::BuildPhysicsTable() - BuildPhysicsTable(delta(1905)+) skipped...
#### G4VUserPhysicsList::BuildPhysicsTable() - BuildPhysicsTable(delta(1905)++) skipped...
#### G4VUserPhysicsList::BuildPhysicsTable() - BuildPhysicsTable(delta(1905)-) skipped...
#### G4VUserPhysicsList::BuildPhysicsTable() - BuildPhysicsTable(delta(1905)0) skipped...
#### G4VUserPhysicsList::BuildPhysicsTable() - BuildPhysicsTable(delta(1910)+) skipped...
#### G4VUserPhysicsList::BuildPhysicsTable() - BuildPhysicsTable(delta(1910)++) skipped...
#### G4VUserPhysicsList::BuildPhysicsTable() - BuildPhysicsTable(delta(1910)-) skipped...
#### G4VUserPhysicsList::BuildPhysicsTable() - BuildPhysicsTable(delta(1910)0) skipped...
#### G4VUserPhysicsList::BuildPhysicsTable() - BuildPhysicsTable(delta(1920)+) skipped...
#### G4VUserPhysicsList::BuildPhysicsTable() - BuildPhysicsTable(delta(1920)++) skipped...
#### G4VUserPhysicsList::BuildPhysicsTable() - BuildPhysicsTable(delta(1920)-) skipped...
#### G4VUserPhysicsList::BuildPhysicsTable() - BuildPhysicsTable(delta(1920)0) skipped...
#### G4VUserPhysicsList::BuildPhysicsTable() - BuildPhysicsTable(delta(1930)+) skipped...
#### G4VUserPhysicsList::BuildPhysicsTable() - BuildPhysicsTable(delta(1930)++) skipped...
#### G4VUserPhysicsList::BuildPhysicsTable() - BuildPhysicsTable(delta(1930)-) skipped...
#### G4VUserPhysicsList::BuildPhysicsTable() - BuildPhysicsTable(delta(1930)0) skipped...
#### G4VUserPhysicsList::BuildPhysicsTable() - BuildPhysicsTable(delta(1950)+) skipped...
#### G4VUserPhysicsList::BuildPhysicsTable() - BuildPhysicsTable(delta(1950)++) skipped...
#### G4VUserPhysicsList::BuildPhysicsTable() - BuildPhysicsTable(delta(1950)-) skipped...
#### G4VUserPhysicsList::BuildPhysicsTable() - BuildPhysicsTable(delta(1950)0) skipped...
#### G4VUserPhysicsList::BuildPhysicsTable() - BuildPhysicsTable(delta+) skipped...
#### G4VUserPhysicsList::BuildPhysicsTable() - BuildPhysicsTable(delta++) skipped...
#### G4VUserPhysicsList::BuildPhysicsTable() - BuildPhysicsTable(delta-) skipped...
#### G4VUserPhysicsList::BuildPhysicsTable() - BuildPhysicsTable(delta0) skipped...
#### G4VUserPhysicsList::BuildPhysicsTable() - BuildPhysicsTable(eta(1295)) skipped...
#### G4VUserPhysicsList::BuildPhysicsTable() - BuildPhysicsTable(eta(1405)) skipped...
#### G4VUserPhysicsList::BuildPhysicsTable() - BuildPhysicsTable(eta(1475)) skipped...
#### G4VUserPhysicsList::BuildPhysicsTable() - BuildPhysicsTable(eta2(1645)) skipped...
#### G4VUserPhysicsList::BuildPhysicsTable() - BuildPhysicsTable(eta2(1870)) skipped...
#### G4VUserPhysicsList::BuildPhysicsTable() - BuildPhysicsTable(f0(1370)) skipped...
#### G4VUserPhysicsList::BuildPhysicsTable() - BuildPhysicsTable(f0(1500)) skipped...
#### G4VUserPhysicsList::BuildPhysicsTable() - BuildPhysicsTable(f0(1710)) skipped...
#### G4VUserPhysicsList::BuildPhysicsTable() - BuildPhysicsTable(f0(500)) skipped...
#### G4VUserPhysicsList::BuildPhysicsTable() - BuildPhysicsTable(f0(980)) skipped...
#### G4VUserPhysicsList::BuildPhysicsTable() - BuildPhysicsTable(f1(1285)) skipped...
#### G4VUserPhysicsList::BuildPhysicsTable() - BuildPhysicsTable(f1(1420)) skipped...
#### G4VUserPhysicsList::BuildPhysicsTable() - BuildPhysicsTable(f2(1270)) skipped...
#### G4VUserPhysicsList::BuildPhysicsTable() - BuildPhysicsTable(f2(1810)) skipped...
#### G4VUserPhysicsList::BuildPhysicsTable() - BuildPhysicsTable(f2(2010)) skipped...
#### G4VUserPhysicsList::BuildPhysicsTable() - BuildPhysicsTable(f2_prime(1525)) skipped...
#### G4VUserPhysicsList::BuildPhysicsTable() - BuildPhysicsTable(gluon) skipped...
#### G4VUserPhysicsList::BuildPhysicsTable() - BuildPhysicsTable(h1(1170)) skipped...
#### G4VUserPhysicsList::BuildPhysicsTable() - BuildPhysicsTable(h1(1380)) skipped...
#### G4VUserPhysicsList::BuildPhysicsTable() - BuildPhysicsTable(k(1460)+) skipped...
#### G4VUserPhysicsList::BuildPhysicsTable() - BuildPhysicsTable(k(1460)-) skipped...
#### G4VUserPhysicsList::BuildPhysicsTable() - BuildPhysicsTable(k(1460)0) skipped...
#### G4VUserPhysicsList::BuildPhysicsTable() - BuildPhysicsTable(k0_star(1430)+) skipped...
#### G4VUserPhysicsList::BuildPhysicsTable() - BuildPhysicsTable(k0_star(1430)-) skipped...
#### G4VUserPhysicsList::BuildPhysicsTable() - BuildPhysicsTable(k0_star(1430)0) skipped...
#### G4VUserPhysicsList::BuildPhysicsTable() - BuildPhysicsTable(k1(1270)+) skipped...
#### G4VUserPhysicsList::BuildPhysicsTable() - BuildPhysicsTable(k1(1270)-) skipped...
#### G4VUserPhysicsList::BuildPhysicsTable() - BuildPhysicsTable(k1(1270)0) skipped...
#### G4VUserPhysicsList::BuildPhysicsTable() - BuildPhysicsTable(k1(1400)+) skipped...
#### G4VUserPhysicsList::BuildPhysicsTable() - BuildPhysicsTable(k1(1400)-) skipped...
#### G4VUserPhysicsList::BuildPhysicsTable() - BuildPhysicsTable(k1(1400)0) skipped...
#### G4VUserPhysicsList::BuildPhysicsTable() - BuildPhysicsTable(k2(1770)+) skipped...
#### G4VUserPhysicsList::BuildPhysicsTable() - BuildPhysicsTable(k2(1770)-) skipped...
#### G4VUserPhysicsList::BuildPhysicsTable() - BuildPhysicsTable(k2(1770)0) skipped...
#### G4VUserPhysicsList::BuildPhysicsTable() - BuildPhysicsTable(k2_star(1430)+) skipped...
#### G4VUserPhysicsList::BuildPhysicsTable() - BuildPhysicsTable(k2_star(1430)-) skipped...
#### G4VUserPhysicsList::BuildPhysicsTable() - BuildPhysicsTable(k2_star(1430)0) skipped...
#### G4VUserPhysicsList::BuildPhysicsTable() - BuildPhysicsTable(k2_star(1980)+) skipped...
#### G4VUserPhysicsList::BuildPhysicsTable() - BuildPhysicsTable(k2_star(1980)-) skipped...
#### G4VUserPhysicsList::BuildPhysicsTable() - BuildPhysicsTable(k2_star(1980)0) skipped...
#### G4VUserPhysicsList::BuildPhysicsTable() - BuildPhysicsTable(k3_star(1780)+) skipped...
#### G4VUserPhysicsList::BuildPhysicsTable() - BuildPhysicsTable(k3_star(1780)-) skipped...
#### G4VUserPhysicsList::BuildPhysicsTable() - BuildPhysicsTable(k3_star(1780)0) skipped...
#### G4VUserPhysicsList::BuildPhysicsTable() - BuildPhysicsTable(k_star(1410)+) skipped...
#### G4VUserPhysicsList::BuildPhysicsTable() - BuildPhysicsTable(k_star(1410)-) skipped...
#### G4VUserPhysicsList::BuildPhysicsTable() - BuildPhysicsTable(k_star(1410)0) skipped...
#### G4VUserPhysicsList::BuildPhysicsTable() - BuildPhysicsTable(k_star(1680)+) skipped...
#### G4VUserPhysicsList::BuildPhysicsTable() - BuildPhysicsTable(k_star(1680)-) skipped...
#### G4VUserPhysicsList::BuildPhysicsTable() - BuildPhysicsTable(k_star(1680)0) skipped...
#### G4VUserPhysicsList::BuildPhysicsTable() - BuildPhysicsTable(k_star+) skipped...
#### G4VUserPhysicsList::BuildPhysicsTable() - BuildPhysicsTable(k_star-) skipped...
#### G4VUserPhysicsList::BuildPhysicsTable() - BuildPhysicsTable(k_star0) skipped...

msc:  for kaon+  SubType= 10
      RangeFactor= 0.2, stepLimType: 0, latDisp: 0
      ===== EM models for the G4Region  DefaultRegionForTheWorld ======
            UrbanMsc : Emin=    0 eV  Emax=  100 TeV Nbins=84 100 eV  - 100 TeV

hIoni:  for kaon+  SubType=2
      dE/dx and range tables from 100 eV  to 100 TeV in 84 bins
      Lambda tables from threshold to 100 TeV, 7 bins/decade, spline: 1
      StepFunction=(0.2, 0.05 mm), integ: 1, fluct: 1, linLossLim= 0.01
      ===== EM models for the G4Region  DefaultRegionForTheWorld ======
               Bragg : Emin=    0 eV  Emax=1.05231 MeV
          BetheBloch : Emin=1.05231 MeV Emax=  100 TeV

hBrems:  for kaon+  SubType=3
      dE/dx and range tables from 100 eV  to 100 TeV in 84 bins
      Lambda tables from threshold to 100 TeV, 7 bins/decade, spline: 1
      ===== EM models for the G4Region  DefaultRegionForTheWorld ======
               hBrem : Emin=    0 eV  Emax=  100 TeV
      ===== Limit on energy threshold has been applied 

msc:  for kaon-  SubType= 10
      RangeFactor= 0.2, stepLimType: 0, latDisp: 0
      ===== EM models for the G4Region  DefaultRegionForTheWorld ======
            UrbanMsc : Emin=    0 eV  Emax=  100 TeV Nbins=84 100 eV  - 100 TeV

hIoni:  for kaon-  SubType=2
      dE/dx and range tables from 100 eV  to 100 TeV in 84 bins
      Lambda tables from threshold to 100 TeV, 7 bins/decade, spline: 1
      StepFunction=(0.2, 0.05 mm), integ: 1, fluct: 1, linLossLim= 0.01
      ===== EM models for the G4Region  DefaultRegionForTheWorld ======
            ICRU73QO : Emin=    0 eV  Emax=1.05231 MeV
          BetheBloch : Emin=1.05231 MeV Emax=  100 TeV

hBrems:  for kaon-  SubType=3
      dE/dx and range tables from 100 eV  to 100 TeV in 84 bins
      Lambda tables from threshold to 100 TeV, 7 bins/decade, spline: 1
      ===== EM models for the G4Region  DefaultRegionForTheWorld ======
               hBrem : Emin=    0 eV  Emax=  100 TeV
      ===== Limit on energy threshold has been applied 
#### G4VUserPhysicsList::BuildPhysicsTable() - BuildPhysicsTable(lambda(1405)) skipped...
#### G4VUserPhysicsList::BuildPhysicsTable() - BuildPhysicsTable(lambda(1520)) skipped...
#### G4VUserPhysicsList::BuildPhysicsTable() - BuildPhysicsTable(lambda(1600)) skipped...
#### G4VUserPhysicsList::BuildPhysicsTable() - BuildPhysicsTable(lambda(1670)) skipped...
#### G4VUserPhysicsList::BuildPhysicsTable() - BuildPhysicsTable(lambda(1690)) skipped...
#### G4VUserPhysicsList::BuildPhysicsTable() - BuildPhysicsTable(lambda(1800)) skipped...
#### G4VUserPhysicsList::BuildPhysicsTable() - BuildPhysicsTable(lambda(1810)) skipped...
#### G4VUserPhysicsList::BuildPhysicsTable() - BuildPhysicsTable(lambda(1820)) skipped...
#### G4VUserPhysicsList::BuildPhysicsTable() - BuildPhysicsTable(lambda(1830)) skipped...
#### G4VUserPhysicsList::BuildPhysicsTable() - BuildPhysicsTable(lambda(1890)) skipped...
#### G4VUserPhysicsList::BuildPhysicsTable() - BuildPhysicsTable(lambda(2100)) skipped...
#### G4VUserPhysicsList::BuildPhysicsTable() - BuildPhysicsTable(lambda(2110)) skipped...

msc:  for mu+  SubType= 10
      RangeFactor= 0.2, stepLimType: 0, latDisp: 0, polarAngLim(deg)= 180
      ===== EM models for the G4Region  DefaultRegionForTheWorld ======
            UrbanMsc : Emin=    0 eV  Emax=  100 TeV Nbins=84 100 eV  - 100 TeV

muIoni:  for mu+  SubType=2
      dE/dx and range tables from 100 eV  to 100 TeV in 84 bins
      Lambda tables from threshold to 100 TeV, 7 bins/decade, spline: 1
      StepFunction=(0.2, 0.1 mm), integ: 1, fluct: 1, linLossLim= 0.01
      ===== EM models for the G4Region  DefaultRegionForTheWorld ======
               Bragg : Emin=    0 eV  Emax=  200 keV
          BetheBloch : Emin=  200 keV Emax=    1 GeV
        MuBetheBloch : Emin=    1 GeV Emax=  100 TeV

muBrems:  for mu+  SubType=3
      dE/dx and range tables from 100 eV  to 100 TeV in 84 bins
      Lambda tables from threshold to 100 TeV, 7 bins/decade, spline: 1
      ===== EM models for the G4Region  DefaultRegionForTheWorld ======
              MuBrem : Emin=    0 eV  Emax=  100 TeV
      ===== Limit on energy threshold has been applied 

muPairProd:  for mu+  SubType=4
      dE/dx and range tables from 100 eV  to 100 TeV in 84 bins
      Lambda tables from threshold to 100 TeV, 7 bins/decade, spline: 1
      Sampling table 21x1001; from 1 GeV to 100 TeV 
      ===== EM models for the G4Region  DefaultRegionForTheWorld ======
          muPairProd : Emin=    0 eV  Emax=  100 TeV

msc:  for mu-  SubType= 10
      RangeFactor= 0.2, stepLimType: 0, latDisp: 0, polarAngLim(deg)= 180
      ===== EM models for the G4Region  DefaultRegionForTheWorld ======
            UrbanMsc : Emin=    0 eV  Emax=  100 TeV Nbins=84 100 eV  - 100 TeV

muIoni:  for mu-  SubType=2
      dE/dx and range tables from 100 eV  to 100 TeV in 84 bins
      Lambda tables from threshold to 100 TeV, 7 bins/decade, spline: 1
      StepFunction=(0.2, 0.1 mm), integ: 1, fluct: 1, linLossLim= 0.01
      ===== EM models for the G4Region  DefaultRegionForTheWorld ======
            ICRU73QO : Emin=    0 eV  Emax=  200 keV
          BetheBloch : Emin=  200 keV Emax=    1 GeV
        MuBetheBloch : Emin=    1 GeV Emax=  100 TeV

muBrems:  for mu-  SubType=3
      dE/dx and range tables from 100 eV  to 100 TeV in 84 bins
      Lambda tables from threshold to 100 TeV, 7 bins/decade, spline: 1
      ===== EM models for the G4Region  DefaultRegionForTheWorld ======
              MuBrem : Emin=    0 eV  Emax=  100 TeV
      ===== Limit on energy threshold has been applied 

muPairProd:  for mu-  SubType=4
      dE/dx and range tables from 100 eV  to 100 TeV in 84 bins
      Lambda tables from threshold to 100 TeV, 7 bins/decade, spline: 1
      Sampling table 21x1001; from 1 GeV to 100 TeV 
      ===== EM models for the G4Region  DefaultRegionForTheWorld ======
          muPairProd : Emin=    0 eV  Emax=  100 TeV
NeutronHP: /Capture file for Z = 6, A = 12 is not found and NeutronHP will use /opt/geant4/share/Geant4-10.5.1/data/G4NDL4.5/Capture/CrossSection/6_nat_Carbon
NeutronHP: /Elastic file for Z = 6, A = 12 is not found and NeutronHP will use /opt/geant4/share/Geant4-10.5.1/data/G4NDL4.5/Elastic/CrossSection/6_nat_Carbon
NeutronHP: /Inelastic file for Z = 6, A = 12 is not found and NeutronHP will use /opt/geant4/share/Geant4-10.5.1/data/G4NDL4.5/Inelastic/CrossSection/6_nat_Carbon
NeutronHP: /Capture file for Z = 6, A = 13 is not found and NeutronHP will use /opt/geant4/share/Geant4-10.5.1/data/G4NDL4.5/Capture/CrossSection/6_nat_Carbon
NeutronHP: /Elastic file for Z = 6, A = 13 is not found and NeutronHP will use /opt/geant4/share/Geant4-10.5.1/data/G4NDL4.5/Elastic/CrossSection/6_nat_Carbon
NeutronHP: /Inelastic file for Z = 6, A = 13 is not found and NeutronHP will use /opt/geant4/share/Geant4-10.5.1/data/G4NDL4.5/Inelastic/CrossSection/6_nat_Carbon
NeutronHP: /Capture file for Z = 8, A = 18 is not found and NeutronHP will use /opt/geant4/share/Geant4-10.5.1/data/G4NDL4.5/Capture/CrossSection/8_17_Oxygen
NeutronHP: /Elastic file for Z = 8, A = 18 is not found and NeutronHP will use /opt/geant4/share/Geant4-10.5.1/data/G4NDL4.5/Elastic/CrossSection/8_17_Oxygen
NeutronHP: /Inelastic file for Z = 8, A = 18 is not found and NeutronHP will use /opt/geant4/share/Geant4-10.5.1/data/G4NDL4.5/Inelastic/CrossSection/8_17_Oxygen
NeutronHP: /Elastic file for Z = 6, A = 12 is not found and NeutronHP will use /opt/geant4/share/Geant4-10.5.1/data/G4NDL4.5/Elastic/CrossSection/6_nat_Carbon
NeutronHP: /Elastic file for Z = 6, A = 13 is not found and NeutronHP will use /opt/geant4/share/Geant4-10.5.1/data/G4NDL4.5/Elastic/CrossSection/6_nat_Carbon
NeutronHP: /Elastic file for Z = 8, A = 18 is not found and NeutronHP will use /opt/geant4/share/Geant4-10.5.1/data/G4NDL4.5/Elastic/CrossSection/8_17_Oxygen
@@@ G4ParticleHPInelastic instantiated for particle neutron data directory variable is G4NEUTRONHPDATA pointing to /opt/geant4/share/Geant4-10.5.1/data/G4NDL4.5/Inelastic
NeutronHP: /Capture file for Z = 6, A = 12 is not found and NeutronHP will use /opt/geant4/share/Geant4-10.5.1/data/G4NDL4.5/Capture/CrossSection/6_nat_Carbon
NeutronHP: /Capture file for Z = 6, A = 13 is not found and NeutronHP will use /opt/geant4/share/Geant4-10.5.1/data/G4NDL4.5/Capture/CrossSection/6_nat_Carbon
NeutronHP: /Capture file for Z = 8, A = 18 is not found and NeutronHP will use /opt/geant4/share/Geant4-10.5.1/data/G4NDL4.5/Capture/CrossSection/8_17_Oxygen
#### G4VUserPhysicsList::BuildPhysicsTable() - BuildPhysicsTable(omega) skipped...
#### G4VUserPhysicsList::BuildPhysicsTable() - BuildPhysicsTable(omega(1420)) skipped...
#### G4VUserPhysicsList::BuildPhysicsTable() - BuildPhysicsTable(omega(1650)) skipped...
#### G4VUserPhysicsList::BuildPhysicsTable() - BuildPhysicsTable(omega3(1670)) skipped...
#### G4VUserPhysicsList::BuildPhysicsTable() - BuildPhysicsTable(phi) skipped...
#### G4VUserPhysicsList::BuildPhysicsTable() - BuildPhysicsTable(phi(1680)) skipped...
#### G4VUserPhysicsList::BuildPhysicsTable() - BuildPhysicsTable(phi3(1850)) skipped...
#### G4VUserPhysicsList::BuildPhysicsTable() - BuildPhysicsTable(pi(1300)+) skipped...
#### G4VUserPhysicsList::BuildPhysicsTable() - BuildPhysicsTable(pi(1300)-) skipped...
#### G4VUserPhysicsList::BuildPhysicsTable() - BuildPhysicsTable(pi(1300)0) skipped...

msc:  for pi+  SubType= 10
      RangeFactor= 0.2, stepLimType: 0, latDisp: 0
      ===== EM models for the G4Region  DefaultRegionForTheWorld ======
            UrbanMsc : Emin=    0 eV  Emax=  100 TeV Nbins=84 100 eV  - 100 TeV

hIoni:  for pi+  SubType=2
      dE/dx and range tables from 100 eV  to 100 TeV in 84 bins
      Lambda tables from threshold to 100 TeV, 7 bins/decade, spline: 1
      StepFunction=(0.2, 0.05 mm), integ: 1, fluct: 1, linLossLim= 0.01
      ===== EM models for the G4Region  DefaultRegionForTheWorld ======
               Bragg : Emin=    0 eV  Emax=297.505 keV
          BetheBloch : Emin=297.505 keV Emax=  100 TeV

hBrems:  for pi+  SubType=3
      dE/dx and range tables from 100 eV  to 100 TeV in 84 bins
      Lambda tables from threshold to 100 TeV, 7 bins/decade, spline: 1
      ===== EM models for the G4Region  DefaultRegionForTheWorld ======
               hBrem : Emin=    0 eV  Emax=  100 TeV
      ===== Limit on energy threshold has been applied 

msc:  for pi-  SubType= 10
      RangeFactor= 0.2, stepLimType: 0, latDisp: 0
      ===== EM models for the G4Region  DefaultRegionForTheWorld ======
            UrbanMsc : Emin=    0 eV  Emax=  100 TeV Nbins=84 100 eV  - 100 TeV

hIoni:  for pi-  SubType=2
      dE/dx and range tables from 100 eV  to 100 TeV in 84 bins
      Lambda tables from threshold to 100 TeV, 7 bins/decade, spline: 1
      StepFunction=(0.2, 0.05 mm), integ: 1, fluct: 1, linLossLim= 0.01
      ===== EM models for the G4Region  DefaultRegionForTheWorld ======
            ICRU73QO : Emin=    0 eV  Emax=297.505 keV
          BetheBloch : Emin=297.505 keV Emax=  100 TeV

hBrems:  for pi-  SubType=3
      dE/dx and range tables from 100 eV  to 100 TeV in 84 bins
      Lambda tables from threshold to 100 TeV, 7 bins/decade, spline: 1
      ===== EM models for the G4Region  DefaultRegionForTheWorld ======
               hBrem : Emin=    0 eV  Emax=  100 TeV
      ===== Limit on energy threshold has been applied 
#### G4VUserPhysicsList::BuildPhysicsTable() - BuildPhysicsTable(pi2(1670)+) skipped...
#### G4VUserPhysicsList::BuildPhysicsTable() - BuildPhysicsTable(pi2(1670)-) skipped...
#### G4VUserPhysicsList::BuildPhysicsTable() - BuildPhysicsTable(pi2(1670)0) skipped...
#### G4VUserPhysicsList::BuildPhysicsTable() - BuildPhysicsTable(rho(1450)+) skipped...
#### G4VUserPhysicsList::BuildPhysicsTable() - BuildPhysicsTable(rho(1450)-) skipped...
#### G4VUserPhysicsList::BuildPhysicsTable() - BuildPhysicsTable(rho(1450)0) skipped...
#### G4VUserPhysicsList::BuildPhysicsTable() - BuildPhysicsTable(rho(1700)+) skipped...
#### G4VUserPhysicsList::BuildPhysicsTable() - BuildPhysicsTable(rho(1700)-) skipped...
#### G4VUserPhysicsList::BuildPhysicsTable() - BuildPhysicsTable(rho(1700)0) skipped...
#### G4VUserPhysicsList::BuildPhysicsTable() - BuildPhysicsTable(rho+) skipped...
#### G4VUserPhysicsList::BuildPhysicsTable() - BuildPhysicsTable(rho-) skipped...
#### G4VUserPhysicsList::BuildPhysicsTable() - BuildPhysicsTable(rho0) skipped...
#### G4VUserPhysicsList::BuildPhysicsTable() - BuildPhysicsTable(rho3(1690)+) skipped...
#### G4VUserPhysicsList::BuildPhysicsTable() - BuildPhysicsTable(rho3(1690)-) skipped...
#### G4VUserPhysicsList::BuildPhysicsTable() - BuildPhysicsTable(rho3(1690)0) skipped...
#### G4VUserPhysicsList::BuildPhysicsTable() - BuildPhysicsTable(s_quark) skipped...
#### G4VUserPhysicsList::BuildPhysicsTable() - BuildPhysicsTable(sd0_diquark) skipped...
#### G4VUserPhysicsList::BuildPhysicsTable() - BuildPhysicsTable(sd1_diquark) skipped...
#### G4VUserPhysicsList::BuildPhysicsTable() - BuildPhysicsTable(sigma(1385)+) skipped...
#### G4VUserPhysicsList::BuildPhysicsTable() - BuildPhysicsTable(sigma(1385)-) skipped...
#### G4VUserPhysicsList::BuildPhysicsTable() - BuildPhysicsTable(sigma(1385)0) skipped...
#### G4VUserPhysicsList::BuildPhysicsTable() - BuildPhysicsTable(sigma(1660)+) skipped...
#### G4VUserPhysicsList::BuildPhysicsTable() - BuildPhysicsTable(sigma(1660)-) skipped...
#### G4VUserPhysicsList::BuildPhysicsTable() - BuildPhysicsTable(sigma(1660)0) skipped...
#### G4VUserPhysicsList::BuildPhysicsTable() - BuildPhysicsTable(sigma(1670)+) skipped...
#### G4VUserPhysicsList::BuildPhysicsTable() - BuildPhysicsTable(sigma(1670)-) skipped...
#### G4VUserPhysicsList::BuildPhysicsTable() - BuildPhysicsTable(sigma(1670)0) skipped...
#### G4VUserPhysicsList::BuildPhysicsTable() - BuildPhysicsTable(sigma(1750)+) skipped...
#### G4VUserPhysicsList::BuildPhysicsTable() - BuildPhysicsTable(sigma(1750)-) skipped...
#### G4VUserPhysicsList::BuildPhysicsTable() - BuildPhysicsTable(sigma(1750)0) skipped...
#### G4VUserPhysicsList::BuildPhysicsTable() - BuildPhysicsTable(sigma(1775)+) skipped...
#### G4VUserPhysicsList::BuildPhysicsTable() - BuildPhysicsTable(sigma(1775)-) skipped...
#### G4VUserPhysicsList::BuildPhysicsTable() - BuildPhysicsTable(sigma(1775)0) skipped...
#### G4VUserPhysicsList::BuildPhysicsTable() - BuildPhysicsTable(sigma(1915)+) skipped...
#### G4VUserPhysicsList::BuildPhysicsTable() - BuildPhysicsTable(sigma(1915)-) skipped...
#### G4VUserPhysicsList::BuildPhysicsTable() - BuildPhysicsTable(sigma(1915)0) skipped...
#### G4VUserPhysicsList::BuildPhysicsTable() - BuildPhysicsTable(sigma(1940)+) skipped...
#### G4VUserPhysicsList::BuildPhysicsTable() - BuildPhysicsTable(sigma(1940)-) skipped...
#### G4VUserPhysicsList::BuildPhysicsTable() - BuildPhysicsTable(sigma(1940)0) skipped...
#### G4VUserPhysicsList::BuildPhysicsTable() - BuildPhysicsTable(sigma(2030)+) skipped...
#### G4VUserPhysicsList::BuildPhysicsTable() - BuildPhysicsTable(sigma(2030)-) skipped...
#### G4VUserPhysicsList::BuildPhysicsTable() - BuildPhysicsTable(sigma(2030)0) skipped...
#### G4VUserPhysicsList::BuildPhysicsTable() - BuildPhysicsTable(ss1_diquark) skipped...
#### G4VUserPhysicsList::BuildPhysicsTable() - BuildPhysicsTable(su0_diquark) skipped...
#### G4VUserPhysicsList::BuildPhysicsTable() - BuildPhysicsTable(su1_diquark) skipped...
#### G4VUserPhysicsList::BuildPhysicsTable() - BuildPhysicsTable(t_quark) skipped...
#### G4VUserPhysicsList::BuildPhysicsTable() - BuildPhysicsTable(u_quark) skipped...
#### G4VUserPhysicsList::BuildPhysicsTable() - BuildPhysicsTable(ud0_diquark) skipped...
#### G4VUserPhysicsList::BuildPhysicsTable() - BuildPhysicsTable(ud1_diquark) skipped...
#### G4VUserPhysicsList::BuildPhysicsTable() - BuildPhysicsTable(uu1_diquark) skipped...
#### G4VUserPhysicsList::BuildPhysicsTable() - BuildPhysicsTable(xi(1530)-) skipped...
#### G4VUserPhysicsList::BuildPhysicsTable() - BuildPhysicsTable(xi(1530)0) skipped...
#### G4VUserPhysicsList::BuildPhysicsTable() - BuildPhysicsTable(xi(1690)-) skipped...
#### G4VUserPhysicsList::BuildPhysicsTable() - BuildPhysicsTable(xi(1690)0) skipped...
#### G4VUserPhysicsList::BuildPhysicsTable() - BuildPhysicsTable(xi(1820)-) skipped...
#### G4VUserPhysicsList::BuildPhysicsTable() - BuildPhysicsTable(xi(1820)0) skipped...
#### G4VUserPhysicsList::BuildPhysicsTable() - BuildPhysicsTable(xi(1950)-) skipped...
#### G4VUserPhysicsList::BuildPhysicsTable() - BuildPhysicsTable(xi(1950)0) skipped...
#### G4VUserPhysicsList::BuildPhysicsTable() - BuildPhysicsTable(xi(2030)-) skipped...
#### G4VUserPhysicsList::BuildPhysicsTable() - BuildPhysicsTable(xi(2030)0) skipped...

====================================================================
                  HADRONIC PROCESSES SUMMARY (verbose level 1)

---------------------------------------------------
                           Hadronic Processes for alpha

  Process: hadElastic
        Model:              hElasticLHEP: 0 eV /n ---> 100 TeV/n
     Cr_sctns:            GheishaElastic: 0 eV  ---> 100 TeV

  Process: inelastic
        Model:                      FTFP: 4 GeV/n ---> 100 TeV/n
        Model:  Binary Light Ion Cascade: 0 eV /n ---> 5 GeV/n
     Cr_sctns:  Glauber-Gribov Nucl-nucl: 0 eV  ---> 100 TeV
     Cr_sctns:          GheishaInelastic: 0 eV  ---> 100 TeV

---------------------------------------------------
                           Hadronic Processes for anti_He3

  Process: hFritiofCaptureAtRest

---------------------------------------------------
                           Hadronic Processes for anti_alpha

  Process: hFritiofCaptureAtRest

---------------------------------------------------
                           Hadronic Processes for anti_deuteron

  Process: hFritiofCaptureAtRest

---------------------------------------------------
                           Hadronic Processes for anti_neutron

  Process: hadElastic
        Model:              hElasticLHEP: 0 eV  ---> 100 TeV
     Cr_sctns:            GheishaElastic: 0 eV  ---> 100 TeV

  Process: inelastic
        Model:                      FTFP: 0 eV  ---> 100 TeV
     Cr_sctns:              AntiAGlauber: 0 eV  ---> 100 TeV
     Cr_sctns:          GheishaInelastic: 0 eV  ---> 100 TeV

---------------------------------------------------
                           Hadronic Processes for anti_proton

  Process: hadElastic
        Model:              hElasticLHEP: 0 eV  ---> 100 MeV
        Model:              AntiAElastic: 100 MeV ---> 100 TeV
     Cr_sctns:              AntiAGlauber: 0 eV  ---> 100 TeV
     Cr_sctns:            GheishaElastic: 0 eV  ---> 100 TeV

  Process: inelastic
        Model:                      FTFP: 0 eV  ---> 100 TeV
     Cr_sctns:              AntiAGlauber: 0 eV  ---> 100 TeV
     Cr_sctns:          GheishaInelastic: 0 eV  ---> 100 TeV

  Process: hFritiofCaptureAtRest

---------------------------------------------------
                           Hadronic Processes for anti_triton

  Process: hFritiofCaptureAtRest

---------------------------------------------------
                           Hadronic Processes for deuteron

  Process: hadElastic
        Model:              hElasticLHEP: 0 eV /n ---> 100 TeV/n
     Cr_sctns:            GheishaElastic: 0 eV  ---> 100 TeV

  Process: inelastic
        Model:                      FTFP: 4 GeV/n ---> 100 TeV/n
        Model:  Binary Light Ion Cascade: 0 eV /n ---> 5 GeV/n
     Cr_sctns:  Glauber-Gribov Nucl-nucl: 0 eV  ---> 100 TeV
     Cr_sctns:          GheishaInelastic: 0 eV  ---> 100 TeV

---------------------------------------------------
                           Hadronic Processes for kaon+

  Process: hadElastic
        Model:              hElasticLHEP: 0 eV  ---> 100 TeV
     Cr_sctns:            GheishaElastic: 0 eV  ---> 100 TeV

  Process: inelastic
        Model:                      FTFP: 4 GeV ---> 100 TeV
        Model:            BertiniCascade: 0 eV  ---> 5 GeV
     Cr_sctns:  ChipsKaonPlusInelasticXS: 0 eV  ---> 100 TeV
     Cr_sctns:          GheishaInelastic: 0 eV  ---> 100 TeV

---------------------------------------------------
                           Hadronic Processes for kaon-

  Process: hadElastic
        Model:              hElasticLHEP: 0 eV  ---> 100 TeV
     Cr_sctns:            GheishaElastic: 0 eV  ---> 100 TeV

  Process: inelastic
        Model:                      FTFP: 4 GeV ---> 100 TeV
        Model:            BertiniCascade: 0 eV  ---> 5 GeV
     Cr_sctns: ChipsKaonMinusInelasticXS: 0 eV  ---> 100 TeV
     Cr_sctns:          GheishaInelastic: 0 eV  ---> 100 TeV

  Process: hBertiniCaptureAtRest

---------------------------------------------------
                           Hadronic Processes for mu-

  Process: muMinusCaptureAtRest

  Process: muMinusCaptureAtRest

---------------------------------------------------
                           Hadronic Processes for neutron

  Process: hadElastic
        Model:             hElasticCHIPS: 19 MeV ---> 100 TeV
        Model:          NeutronHPElastic: 0 eV  ---> 20 MeV
     Cr_sctns:        NeutronHPElasticXS: 0 eV  ---> 20 MeV
     Cr_sctns:     ChipsNeutronElasticXS: 0 eV  ---> 100 TeV
     Cr_sctns:            GheishaElastic: 0 eV  ---> 100 TeV

  Process: inelastic
        Model:                      FTFP: 4 GeV ---> 100 TeV
        Model:            BertiniCascade: 19 MeV ---> 5 GeV
        Model:        NeutronHPInelastic: 0 eV  ---> 20 MeV
     Cr_sctns:      NeutronHPInelasticXS: 0 eV  ---> 20 MeV
     Cr_sctns:       Barashenkov-Glauber: 0 eV  ---> 100 TeV

  Process: nCapture
        Model:          NeutronHPCapture: 0 eV  ---> 20 MeV
        Model:               nRadCapture: 19.8 MeV ---> 100 TeV
     Cr_sctns:        G4NeutronCaptureXS: 0 eV  ---> 100 TeV
     Cr_sctns:        NeutronHPCaptureXS: 0 eV  ---> 20 MeV
     Cr_sctns:        G4NeutronCaptureXS: 0 eV  ---> 100 TeV

---------------------------------------------------
                           Hadronic Processes for pi+

  Process: hadElastic
        Model:              hElasticLHEP: 0 eV  ---> 1 GeV
        Model:           hElasticGlauber: 1 GeV ---> 100 TeV
     Cr_sctns:       Barashenkov-Glauber: 0 eV  ---> 100 TeV

  Process: inelastic
        Model:                      FTFP: 4 GeV ---> 100 TeV
        Model:            BertiniCascade: 0 eV  ---> 5 GeV
     Cr_sctns:      G4CrossSectionPairGG: 0 eV  ---> 100 TeV
                         G4CrossSectionPairGG: G4PiNuclearCrossSection cross sections 
                           below 91 GeV, Glauber-Gribov above 
     Cr_sctns:          GheishaInelastic: 0 eV  ---> 100 TeV

---------------------------------------------------
                           Hadronic Processes for pi-

  Process: hadElastic
        Model:              hElasticLHEP: 0 eV  ---> 1 GeV
        Model:           hElasticGlauber: 1 GeV ---> 100 TeV
     Cr_sctns:       Barashenkov-Glauber: 0 eV  ---> 100 TeV

  Process: inelastic
        Model:                      FTFP: 4 GeV ---> 100 TeV
        Model:            BertiniCascade: 0 eV  ---> 5 GeV
     Cr_sctns:      G4CrossSectionPairGG: 0 eV  ---> 100 TeV
                         G4CrossSectionPairGG: G4PiNuclearCrossSection cross sections 
                           below 91 GeV, Glauber-Gribov above 
     Cr_sctns:          GheishaInelastic: 0 eV  ---> 100 TeV

  Process: hBertiniCaptureAtRest

---------------------------------------------------
                           Hadronic Processes for proton

  Process: hadElastic
        Model:             hElasticCHIPS: 0 eV  ---> 100 TeV
     Cr_sctns:      ChipsProtonElasticXS: 0 eV  ---> 100 TeV
     Cr_sctns:            GheishaElastic: 0 eV  ---> 100 TeV

  Process: inelastic
        Model:                      FTFP: 4 GeV ---> 100 TeV
        Model:            BertiniCascade: 0 eV  ---> 5 GeV
     Cr_sctns:       Barashenkov-Glauber: 0 eV  ---> 100 TeV

---------------------------------------------------
                           Hadronic Processes for triton

  Process: hadElastic
        Model:              hElasticLHEP: 0 eV /n ---> 100 TeV/n
     Cr_sctns:            GheishaElastic: 0 eV  ---> 100 TeV

  Process: inelastic
        Model:                      FTFP: 4 GeV/n ---> 100 TeV/n
        Model:  Binary Light Ion Cascade: 0 eV /n ---> 5 GeV/n
     Cr_sctns:  Glauber-Gribov Nucl-nucl: 0 eV  ---> 100 TeV
     Cr_sctns:          GheishaInelastic: 0 eV  ---> 100 TeV

================================================================

========= Table of registered couples ==============================

Index : 0     used in the geometry : Yes
 Material : G4_AIR
 Range cuts        :  gamma  1 um     e-  1 um     e+  1 um  proton 1 um 
 Energy thresholds :  gamma  250 eV     e-  250 eV     e+  250 eV  proton 100 eV 
 Region(s) which use this couple : 
    DefaultRegionForTheWorld

Index : 1     used in the geometry : Yes
 Material : G4_Al
 Range cuts        :  gamma  1 um     e-  1 um     e+  1 um  proton 1 um 
 Energy thresholds :  gamma  250 eV     e-  1.09668 keV    e+  1.08603 keV proton 100 eV 
 Region(s) which use this couple : 
    DefaultRegionForTheWorld

Index : 2     used in the geometry : Yes
 Material : G4_Pb
 Range cuts        :  gamma  1 um     e-  1 um     e+  1 um  proton 1 um 
 Energy thresholds :  gamma  1.22592 keV    e-  6.72879 keV    e+  6.51351 keV proton 100 eV 
 Region(s) which use this couple : 
    DefaultRegionForTheWorld

Index : 3     used in the geometry : Yes
 Material : G4_POLYETHYLENE
 Range cuts        :  gamma  1 um     e-  1 um     e+  1 um  proton 1 um 
 Energy thresholds :  gamma  250 eV     e-  250 eV     e+  250 eV  proton 100 eV 
 Region(s) which use this couple : 
    DefaultRegionForTheWorld

Index : 4     used in the geometry : Yes
 Material : EN_AW-2011T8
 Range cuts        :  gamma  1 um     e-  1 um     e+  1 um  proton 1 um 
 Energy thresholds :  gamma  250 eV     e-  1.16878 keV    e+  1.16878 keV proton 100 eV 
 Region(s) which use this couple : 
    DefaultRegionForTheWorld

Index : 5     used in the geometry : Yes
 Material : G4_Galactic
 Range cuts        :  gamma  1 um     e-  1 um     e+  1 um  proton 1 um 
 Energy thresholds :  gamma  250 eV     e-  250 eV     e+  250 eV  proton 100 eV 
 Region(s) which use this couple : 
    DefaultRegionForTheWorld

Index : 6     used in the geometry : Yes
 Material : enriched_germanium
 Range cuts        :  gamma  1 um     e-  1 um     e+  1 um  proton 1 um 
 Energy thresholds :  gamma  250 eV     e-  2.82816 keV    e+  2.77015 keV proton 100 eV 
 Region(s) which use this couple : 
    DefaultRegionForTheWorld

====================================================================

### Run 0 starts.
Opening file /lfs/l1/legend/users/aalexander/hdf5_output/detector_IC160A_ba_top_81mmNEW7_01.hdf5
Setting ID for Crystal_PV to 1
